Using pre-set license
Built from '2020.3/staging' branch; Version is '2020.3.10f1 (297d780c91bc) revision 2719096'; Using compiler version '192528614'; Build Type 'Release'
OS: 'Windows 10 Education; OS build 19042.1348; Version 2009; 64bit' Language: 'en' Physical Memory: 16332 MB
BatchMode: 1, IsHumanControllingUs: 0, StartBugReporterOnCrash: 0, Is64bit: 1, IsPro: 0

 COMMAND LINE ARGUMENTS:
C:\Program Files\Unity\Hub\Editor\2020.3.10f1\Editor\Unity.exe
-adb2
-batchMode
-noUpm
-name
AssetImportWorker0
-projectPath
C:/Users/Sameer/Documents/GitHub/RowanJam
-logFile
Logs/AssetImportWorker0.log
-srvPort
1055
Successfully changed project path to: C:/Users/Sameer/Documents/GitHub/RowanJam
C:/Users/Sameer/Documents/GitHub/RowanJam
Using Asset Import Pipeline V2.
Refreshing native plugins compatible for Editor in 63.03 ms, found 2 plugins.
Preloading 0 native plugins for Editor in 0.00 ms.
Initialize engine version: 2020.3.10f1 (297d780c91bc)
[Subsystems] Discovering subsystems at path C:/Program Files/Unity/Hub/Editor/2020.3.10f1/Editor/Data/Resources/UnitySubsystems
[Subsystems] Discovering subsystems at path C:/Users/Sameer/Documents/GitHub/RowanJam/Assets
GfxDevice: creating device client; threaded=0
Direct3D:
    Version:  Direct3D 11.0 [level 11.1]
    Renderer: NVIDIA GeForce RTX 2060 SUPER (ID=0x1f06)
    Vendor:   
    VRAM:     8031 MB
    Driver:   30.0.14.9649
Initialize mono
Mono path[0] = 'C:/Program Files/Unity/Hub/Editor/2020.3.10f1/Editor/Data/Managed'
Mono path[1] = 'C:/Program Files/Unity/Hub/Editor/2020.3.10f1/Editor/Data/MonoBleedingEdge/lib/mono/unityjit'
Mono config path = 'C:/Program Files/Unity/Hub/Editor/2020.3.10f1/Editor/Data/MonoBleedingEdge/etc'
Using monoOptions --debugger-agent=transport=dt_socket,embedding=1,server=y,suspend=n,address=127.0.0.1:56052
Begin MonoManager ReloadAssembly
Registering precompiled unity dll's ...
Register platform support module: C:/Program Files/Unity/Hub/Editor/2020.3.10f1/Editor/Data/PlaybackEngines/WebGLSupport/UnityEditor.WebGL.Extensions.dll
Register platform support module: C:/Program Files/Unity/Hub/Editor/2020.3.10f1/Editor/Data/PlaybackEngines/WindowsStandaloneSupport/UnityEditor.WindowsStandalone.Extensions.dll
Registered in 0.003129 seconds.
Native extension for WindowsStandalone target not found
Native extension for WebGL target not found
Refreshing native plugins compatible for Editor in 70.92 ms, found 2 plugins.
Preloading 0 native plugins for Editor in 0.00 ms.
Mono: successfully reloaded assembly
- Completed reload, in  1.482 seconds
Platform modules already initialized, skipping
Registering precompiled user dll's ...
Registered in 0.007494 seconds.
Begin MonoManager ReloadAssembly
Native extension for WindowsStandalone target not found
Native extension for WebGL target not found
Refreshing native plugins compatible for Editor in 0.69 ms, found 2 plugins.
Preloading 0 native plugins for Editor in 0.00 ms.
Mono: successfully reloaded assembly
- Completed reload, in  1.082 seconds
Platform modules already initialized, skipping
========================================================================
Worker process is ready to serve import requests
Launched and connected shader compiler UnityShaderCompiler.exe after 0.07 seconds
Refreshing native plugins compatible for Editor in 1.34 ms, found 2 plugins.
Preloading 0 native plugins for Editor in 0.00 ms.
Unloading 1481 Unused Serialized files (Serialized files now loaded: 0)
System memory in use before: 69.6 MB.
System memory in use after: 69.7 MB.

Unloading 26 unused Assets to reduce memory usage. Loaded Objects now: 1940.
Total: 3.877800 ms (FindLiveObjects: 0.211500 ms CreateObjectMapping: 0.036100 ms MarkObjects: 3.540100 ms  DeleteObjects: 0.087700 ms)

========================================================================
Received Import Request.
  path: Assets/snail.png
  artifactKey: Guid(093dc0af6f7ecaf488ff354a9de70506) Importer(815301076,1909f56bfc062723c751e8b465ee728b)
Start importing Assets/snail.png using Guid(093dc0af6f7ecaf488ff354a9de70506) Importer(815301076,1909f56bfc062723c751e8b465ee728b)  -> (artifact id: 'ecbb9bb62f090e1387186adac5794357') in 0.141861 seconds
  Import took 0.144702 seconds .

========================================================================
Received Import Request.
  Time since last request: 94.933868 seconds.
  path: Assets/pixel-line-platformer/Preview.png
  artifactKey: Guid(293ae36927e2c404b8245c328706012b) Importer(815301076,1909f56bfc062723c751e8b465ee728b)
Start importing Assets/pixel-line-platformer/Preview.png using Guid(293ae36927e2c404b8245c328706012b) Importer(815301076,1909f56bfc062723c751e8b465ee728b)  -> (artifact id: 'cad7d18c90a5d4974566f5824a706dc4') in 0.019628 seconds
  Import took 0.022342 seconds .

========================================================================
Received Import Request.
  Time since last request: 0.000178 seconds.
  path: Assets/pixel-line-platformer/Sample.png
  artifactKey: Guid(eca7bad9ee756f340935dc60575f4528) Importer(815301076,1909f56bfc062723c751e8b465ee728b)
Start importing Assets/pixel-line-platformer/Sample.png using Guid(eca7bad9ee756f340935dc60575f4528) Importer(815301076,1909f56bfc062723c751e8b465ee728b)  -> (artifact id: '50c0ea31fb8e0ad350ba7a76505b6fab') in 0.020292 seconds
  Import took 0.022578 seconds .

========================================================================
Received Import Request.
  Time since last request: 0.001807 seconds.
  path: Assets/pixel-line-platformer/Sample.png
  artifactKey: Guid(eca7bad9ee756f340935dc60575f4528) Importer(815301076,1909f56bfc062723c751e8b465ee728b)
Start importing Assets/pixel-line-platformer/Sample.png using Guid(eca7bad9ee756f340935dc60575f4528) Importer(815301076,1909f56bfc062723c751e8b465ee728b)  -> (artifact id: '50c0ea31fb8e0ad350ba7a76505b6fab') in 0.015666 seconds
  Import took 0.018631 seconds .

========================================================================
Received Import Request.
  Time since last request: 15.879724 seconds.
  path: Assets/32_Characters/All.png
  artifactKey: Guid(9a63bf0f8ec769b42a90657fada4438a) Importer(815301076,1909f56bfc062723c751e8b465ee728b)
Start importing Assets/32_Characters/All.png using Guid(9a63bf0f8ec769b42a90657fada4438a) Importer(815301076,1909f56bfc062723c751e8b465ee728b)  -> (artifact id: '0773021d8deb9d97e23fe1e1fc0aae09') in 0.015648 seconds
  Import took 0.018244 seconds .

========================================================================
Received Import Request.
  Time since last request: 336.793394 seconds.
  path: Assets/Scenes
  artifactKey: Guid(ff6fe83dc34d36f4f86fbd795b2cb2ed) Importer(815301076,1909f56bfc062723c751e8b465ee728b)
Start importing Assets/Scenes using Guid(ff6fe83dc34d36f4f86fbd795b2cb2ed) Importer(815301076,1909f56bfc062723c751e8b465ee728b)  -> (artifact id: '96783d5d8d0632968eb60ee782ee0373') in 0.007870 seconds
  Import took 0.010554 seconds .

========================================================================
Received Import Request.
  Time since last request: 1.083748 seconds.
  path: Assets/Scenes/SampleScene.unity
  artifactKey: Guid(9fc0d4010bbf28b4594072e72b8655ab) Importer(815301076,1909f56bfc062723c751e8b465ee728b)
Start importing Assets/Scenes/SampleScene.unity using Guid(9fc0d4010bbf28b4594072e72b8655ab) Importer(815301076,1909f56bfc062723c751e8b465ee728b)  -> (artifact id: 'dcc088d1731b590f9572c6f2bab98c6a') in 0.008608 seconds
  Import took 0.011068 seconds .

========================================================================
Received Import Request.
  Time since last request: 507.100600 seconds.
  path: ProjectSettings/TagManager.asset
  artifactKey: Guid(00000000000000003000000000000000) Importer(815301076,1909f56bfc062723c751e8b465ee728b)
Start importing ProjectSettings/TagManager.asset using Guid(00000000000000003000000000000000) Importer(815301076,1909f56bfc062723c751e8b465ee728b)  -> (artifact id: '95df672b4aaba54310d34c83eef51bb8') in 0.012354 seconds
  Import took 0.015091 seconds .

========================================================================
Received Import Request.
  Time since last request: 0.003527 seconds.
  path: ProjectSettings/TagManager.asset
  artifactKey: Guid(00000000000000003000000000000000) Importer(815301076,1909f56bfc062723c751e8b465ee728b)
Start importing ProjectSettings/TagManager.asset using Guid(00000000000000003000000000000000) Importer(815301076,1909f56bfc062723c751e8b465ee728b)  -> (artifact id: '95df672b4aaba54310d34c83eef51bb8') in 0.004134 seconds
  Import took 0.006780 seconds .

